  Button.cpp
C:\Users\user\OneDrive\Documente\GitHub\TRANSPARENT-TRIANGLE\includes\lowlevel\UTILITY.h(14,16): warning C4244: 'return': conversion from 'double' to 'float', possible loss of data
C:\Users\user\OneDrive\Documente\GitHub\TRANSPARENT-TRIANGLE\includes\lowlevel\UTILITY.h(21,21): warning C4244: '=': conversion from 'double' to 'float', possible loss of data
C:\Users\user\OneDrive\Documente\GitHub\TRANSPARENT-TRIANGLE\includes\lowlevel\UTILITY.h(91,17): warning C4244: 'initializing': conversion from 'double' to 'float', possible loss of data
C:\Users\user\OneDrive\Documente\GitHub\TRANSPARENT-TRIANGLE\includes\lowlevel\UTILITY.h(92,17): warning C4244: 'initializing': conversion from 'double' to 'float', possible loss of data
C:\Users\user\OneDrive\Documente\GitHub\TRANSPARENT-TRIANGLE\includes\highlevel\Button.cpp(12,37): warning C4244: 'argument': conversion from 'double' to 'float', possible loss of data
C:\Users\user\OneDrive\Documente\GitHub\TRANSPARENT-TRIANGLE\includes\highlevel\Button.cpp(12,31): warning C4244: 'argument': conversion from 'double' to 'float', possible loss of data
C:\Users\user\OneDrive\Documente\GitHub\TRANSPARENT-TRIANGLE\includes\highlevel\Button.cpp(44,75): warning C4244: 'argument': conversion from 'double' to 'float', possible loss of data
C:\Users\user\OneDrive\Documente\GitHub\TRANSPARENT-TRIANGLE\includes\highlevel\Button.cpp(44,69): warning C4244: 'argument': conversion from 'double' to 'float', possible loss of data
C:\Users\user\OneDrive\Documente\GitHub\TRANSPARENT-TRIANGLE\includes\highlevel\Button.cpp(44,63): warning C4244: 'argument': conversion from 'double' to 'float', possible loss of data
  ClickEventCanceller.cpp
C:\Users\user\OneDrive\Documente\GitHub\TRANSPARENT-TRIANGLE\includes\lowlevel\UTILITY.h(14,16): warning C4244: 'return': conversion from 'double' to 'float', possible loss of data
C:\Users\user\OneDrive\Documente\GitHub\TRANSPARENT-TRIANGLE\includes\lowlevel\UTILITY.h(21,21): warning C4244: '=': conversion from 'double' to 'float', possible loss of data
C:\Users\user\OneDrive\Documente\GitHub\TRANSPARENT-TRIANGLE\includes\lowlevel\UTILITY.h(91,17): warning C4244: 'initializing': conversion from 'double' to 'float', possible loss of data
C:\Users\user\OneDrive\Documente\GitHub\TRANSPARENT-TRIANGLE\includes\lowlevel\UTILITY.h(92,17): warning C4244: 'initializing': conversion from 'double' to 'float', possible loss of data
C:\Users\user\OneDrive\Documente\GitHub\TRANSPARENT-TRIANGLE\includes\highlevel\ClickEventCanceller.cpp(23,76): warning C4244: 'argument': conversion from 'double' to 'float', possible loss of data
C:\Users\user\OneDrive\Documente\GitHub\TRANSPARENT-TRIANGLE\includes\highlevel\ClickEventCanceller.cpp(23,70): warning C4244: 'argument': conversion from 'double' to 'float', possible loss of data
C:\Users\user\OneDrive\Documente\GitHub\TRANSPARENT-TRIANGLE\includes\highlevel\ClickEventCanceller.cpp(23,64): warning C4244: 'argument': conversion from 'double' to 'float', possible loss of data
  ListObject.cpp
C:\Users\user\OneDrive\Documente\GitHub\TRANSPARENT-TRIANGLE\includes\lowlevel\UTILITY.h(14,16): warning C4244: 'return': conversion from 'double' to 'float', possible loss of data
C:\Users\user\OneDrive\Documente\GitHub\TRANSPARENT-TRIANGLE\includes\lowlevel\UTILITY.h(21,21): warning C4244: '=': conversion from 'double' to 'float', possible loss of data
C:\Users\user\OneDrive\Documente\GitHub\TRANSPARENT-TRIANGLE\includes\lowlevel\UTILITY.h(91,17): warning C4244: 'initializing': conversion from 'double' to 'float', possible loss of data
C:\Users\user\OneDrive\Documente\GitHub\TRANSPARENT-TRIANGLE\includes\lowlevel\UTILITY.h(92,17): warning C4244: 'initializing': conversion from 'double' to 'float', possible loss of data
C:\Users\user\OneDrive\Documente\GitHub\TRANSPARENT-TRIANGLE\includes\highlevel\ListObject.cpp(6,21): warning C4244: '=': conversion from 'double' to '_Ty', possible loss of data
          with
          [
              _Ty=int
          ]
  Panel.cpp
C:\Users\user\OneDrive\Documente\GitHub\TRANSPARENT-TRIANGLE\includes\highlevel\Panel.cpp(22,62): warning C4244: 'argument': conversion from 'double' to 'float', possible loss of data
C:\Users\user\OneDrive\Documente\GitHub\TRANSPARENT-TRIANGLE\includes\highlevel\Panel.cpp(22,56): warning C4244: 'argument': conversion from 'double' to 'float', possible loss of data
C:\Users\user\OneDrive\Documente\GitHub\TRANSPARENT-TRIANGLE\includes\highlevel\Panel.cpp(22,50): warning C4244: 'argument': conversion from 'double' to 'float', possible loss of data
C:\Users\user\OneDrive\Documente\GitHub\TRANSPARENT-TRIANGLE\includes\highlevel\Panel.cpp(33,37): warning C4244: 'argument': conversion from 'double' to 'float', possible loss of data
C:\Users\user\OneDrive\Documente\GitHub\TRANSPARENT-TRIANGLE\includes\highlevel\Panel.cpp(33,31): warning C4244: 'argument': conversion from 'double' to 'float', possible loss of data
  TextField.cpp
C:\Users\user\OneDrive\Documente\GitHub\TRANSPARENT-TRIANGLE\includes\lowlevel\UTILITY.h(14,16): warning C4244: 'return': conversion from 'double' to 'float', possible loss of data
C:\Users\user\OneDrive\Documente\GitHub\TRANSPARENT-TRIANGLE\includes\lowlevel\UTILITY.h(21,21): warning C4244: '=': conversion from 'double' to 'float', possible loss of data
C:\Users\user\OneDrive\Documente\GitHub\TRANSPARENT-TRIANGLE\includes\lowlevel\UTILITY.h(91,17): warning C4244: 'initializing': conversion from 'double' to 'float', possible loss of data
C:\Users\user\OneDrive\Documente\GitHub\TRANSPARENT-TRIANGLE\includes\lowlevel\UTILITY.h(92,17): warning C4244: 'initializing': conversion from 'double' to 'float', possible loss of data
C:\Users\user\OneDrive\Documente\GitHub\TRANSPARENT-TRIANGLE\includes\highlevel\TextField.cpp(84,46): warning C4244: 'argument': conversion from 'double' to 'float', possible loss of data
C:\Users\user\OneDrive\Documente\GitHub\TRANSPARENT-TRIANGLE\includes\highlevel\TextField.cpp(84,40): warning C4244: 'argument': conversion from 'double' to 'float', possible loss of data
  WINDOW.cpp
C:\Users\user\OneDrive\Documente\GitHub\TRANSPARENT-TRIANGLE\includes\lowlevel\UTILITY.h(14,16): warning C4244: 'return': conversion from 'double' to 'float', possible loss of data
C:\Users\user\OneDrive\Documente\GitHub\TRANSPARENT-TRIANGLE\includes\lowlevel\UTILITY.h(21,21): warning C4244: '=': conversion from 'double' to 'float', possible loss of data
C:\Users\user\OneDrive\Documente\GitHub\TRANSPARENT-TRIANGLE\includes\lowlevel\UTILITY.h(91,17): warning C4244: 'initializing': conversion from 'double' to 'float', possible loss of data
C:\Users\user\OneDrive\Documente\GitHub\TRANSPARENT-TRIANGLE\includes\lowlevel\UTILITY.h(92,17): warning C4244: 'initializing': conversion from 'double' to 'float', possible loss of data
C:\Users\user\OneDrive\Documente\GitHub\TRANSPARENT-TRIANGLE\includes\lowlevel\WINDOW.cpp(17,32): warning C4244: '=': conversion from 'double' to '_Ty', possible loss of data
          with
          [
              _Ty=int
          ]
C:\Users\user\OneDrive\Documente\GitHub\TRANSPARENT-TRIANGLE\includes\lowlevel\WINDOW.cpp(131,32): warning C4018: '<=': signed/unsigned mismatch
C:\Users\user\OneDrive\Documente\GitHub\TRANSPARENT-TRIANGLE\includes\lowlevel\WINDOW.cpp(198,67): warning C4244: 'argument': conversion from 'double' to 'int', possible loss of data
C:\Users\user\OneDrive\Documente\GitHub\TRANSPARENT-TRIANGLE\includes\lowlevel\WINDOW.cpp(198,47): warning C4244: 'argument': conversion from 'double' to 'int', possible loss of data
  Generating Code...
glfw3.lib(input.obj) : warning LNK4099: PDB '' was not found with 'glfw3.lib(input.obj)' or at ''; linking object as if no debug info
  OPENGL_PROJECT.vcxproj -> C:\Users\user\OneDrive\Documente\GitHub\TRANSPARENT-TRIANGLE\x64\Debug\OPENGL_PROJECT.exe
